<INFO> 13-Jul-2023::05:07:37.651 ubuntu confd[<0.69.0>]: confd embedded apps in early_phase0:
	[]
<INFO> 13-Jul-2023::05:07:37.958 ubuntu confd[<0.97.0>]: confd mmap_schema handle_info got msg: timeout
<INFO> 13-Jul-2023::05:07:37.975 ubuntu confd[<0.9.0>]: confd embedded apps in phase0:
	[]
<INFO> 13-Jul-2023::05:07:38.123 ubuntu confd[<0.134.0>]: devel-cdb Loaded oper data from ./confd-cdb/O.cdb (0 bytes data in 0.000s)
<INFO> 13-Jul-2023::05:07:38.219 ubuntu confd[<0.135.0>]: devel-cdb Loaded configuration from ./confd-cdb/A.cdb (0 bytes data, 0 transactions in 0.000s)
<INFO> 13-Jul-2023::05:07:38.253 ubuntu confd[<0.9.0>]: devel-cdb init files found in ./confd-cdb: aaa_init.xml
<INFO> 13-Jul-2023::05:07:38.325 ubuntu confd[<0.69.0>]: confd Set running datastore status to valid
<INFO> 13-Jul-2023::05:07:38.397 ubuntu confd[<0.135.0>]: devel-cdb Compacted CDB journal file: 0 ms (93 nodes in memory, disk size 4 bytes -> 1.39 KiB)
<INFO> 13-Jul-2023::05:07:38.404 ubuntu confd[<0.68.0>]: confd encryptedStrings keys provided from config
<INFO> 13-Jul-2023::05:07:38.404 ubuntu confd[<0.9.0>]: confd embedded apps in phase1:
	[]
<INFO> 13-Jul-2023::05:07:38.438 ubuntu confd[<0.172.0>]: confd initializing kickers
<INFO> 13-Jul-2023::05:07:38.446 ubuntu confd[<0.172.0>]: confd initializing kickers: ok (0.008 s)
<ERR> 13-Jul-2023::05:07:38.481 ubuntu confd[<0.198.0>]: devel-aaa Module "tailf-webui" in access rule "any-group/tailf-webui-user" does not exist - ignoring rule
<INFO> 13-Jul-2023::05:07:38.488 ubuntu confd[<0.231.0>]: confd delete "./confd-cdb/rollback0.confirm" resulted in enoent

<INFO> 13-Jul-2023::05:07:38.488 ubuntu confd[<0.231.0>]: confd delete "./confd-cdb/rollback0.confirm.bup" resulted in enoent

<INFO> 13-Jul-2023::05:07:38.501 ubuntu confd[<0.9.0>]: confd embedded apps in phase1_delayed:
	[]
<INFO> 13-Jul-2023::05:07:38.509 ubuntu confd[<0.9.0>]: confd embedded apps in phase2:
	[]
<INFO> 13-Jul-2023::05:07:38.660 ubuntu confd[<0.9.0>]: confd Erlang emulator PID: 135384
<INFO> 13-Jul-2023::05:07:44.519 ubuntu confd[<0.289.0>]: confd Getting delta diff, no alt-name: true
<INFO> 13-Jul-2023::07:08:03.555 ubuntu confd[<0.331.0>]: confd Getting delta diff, no alt-name: true
<INFO> 13-Jul-2023::07:15:55.087 ubuntu confd[<0.369.0>]: confd Getting delta diff, no alt-name: true
